[11:29:14] [main/INFO] (FabricLoader/GameProvider) Loading Minecraft 1.21.1 with Fabric Loader 0.16.7
[11:29:15] [main/INFO] (FabricLoader) Loading 59 mods:
	- b1ndc0mmandz 1.0.0
	- fabric-api 0.106.0+1.21.1
	- fabric-api-base 0.4.42+6573ed8c19
	- fabric-api-lookup-api-v1 1.6.68+b559734419
	- fabric-biome-api-v1 13.0.29+5bd9f1bc19
	- fabric-block-api-v1 1.0.22+0af3f5a719
	- fabric-block-view-api-v2 1.0.10+6573ed8c19
	- fabric-blockrenderlayer-v1 1.1.52+0af3f5a719
	- fabric-client-tags-api-v1 1.1.15+6573ed8c19
	- fabric-command-api-v1 1.2.49+f71b366f19
	- fabric-command-api-v2 2.2.28+6ced4dd919
	- fabric-commands-v0 0.2.66+df3654b319
	- fabric-content-registries-v0 8.0.16+b559734419
	- fabric-convention-tags-v1 2.1.0+7f945d5b19
	- fabric-convention-tags-v2 2.9.0+83a9d31319
	- fabric-crash-report-info-v1 0.2.29+0af3f5a719
	- fabric-data-attachment-api-v1 1.1.28+1daea21519
	- fabric-data-generation-api-v1 20.2.21+16c4ae2519
	- fabric-dimensions-v1 4.0.0+6fc22b9919
	- fabric-entity-events-v1 1.7.0+2122d82819
	- fabric-events-interaction-v0 0.7.13+ba9dae0619
	- fabric-game-rule-api-v1 1.0.53+6ced4dd919
	- fabric-gametest-api-v1 2.0.4+6fc22b9919
	- fabric-item-api-v1 11.1.0+d5debaed19
	- fabric-item-group-api-v1 4.1.5+3fc0e55219
	- fabric-key-binding-api-v1 1.0.47+0af3f5a719
	- fabric-keybindings-v0 0.2.45+df3654b319
	- fabric-lifecycle-events-v1 2.3.12+6c1df36019
	- fabric-loot-api-v2 3.0.14+3f89f5a519
	- fabric-loot-api-v3 1.0.2+3f89f5a519
	- fabric-message-api-v1 6.0.13+6573ed8c19
	- fabric-model-loading-api-v1 2.0.0+fe474d6b19
	- fabric-networking-api-v1 4.3.0+c7469b2119
	- fabric-object-builder-api-v1 15.2.0+40875a9319
	- fabric-particles-v1 4.0.2+6573ed8c19
	- fabric-recipe-api-v1 5.0.13+6508971219
	- fabric-registry-sync-v0 5.1.3+60c3209b19
	- fabric-renderer-api-v1 3.4.0+c705a49c19
	- fabric-renderer-indigo 1.7.0+c705a49c19
	- fabric-renderer-registries-v1 3.2.68+df3654b319
	- fabric-rendering-data-attachment-v1 0.3.48+73761d2e19
	- fabric-rendering-fluids-v1 3.1.6+1daea21519
	- fabric-rendering-v0 1.1.71+df3654b319
	- fabric-rendering-v1 5.0.5+df16efd019
	- fabric-resource-conditions-api-v1 4.3.0+8dc279b119
	- fabric-resource-loader-v0 1.3.0+5659912919
	- fabric-screen-api-v1 2.0.25+8b68f1c719
	- fabric-screen-handler-api-v1 1.3.87+b559734419
	- fabric-sound-api-v1 1.0.23+6573ed8c19
	- fabric-transfer-api-v1 5.4.0+95bead5f19
	- fabric-transitive-access-wideners-v1 6.1.0+1daea21519
	- fabricloader 0.16.7
	- java 21
	- malilib 0.21.0
	- minecraft 1.21.1
	- mixinextras 0.4.1
	- modmenu 11.0.3
	- owo 0.12.15+1.21
	- placeholder-api 2.4.1+1.21
[11:29:21] [main/INFO] (FabricLoader/Mixin) SpongePowered MIXIN Subsystem Version=0.8.7 Source=file:/C:/Users/Jacky/.gradle/caches/modules-2/files-2.1/net.fabricmc/sponge-mixin/0.15.3+mixin.0.8.7/51ee0a44ab05f6fddd66b09e66b3a16904f9c55d/sponge-mixin-0.15.3+mixin.0.8.7.jar Service=Knot/Fabric Env=CLIENT
[11:29:21] [main/INFO] (FabricLoader/Mixin) Loaded Fabric development mappings for mixin remapper!
[11:29:21] [main/INFO] (FabricLoader/Mixin) Compatibility level set to JAVA_17
[11:29:21] [main/INFO] (FabricLoader/Mixin) Compatibility level set to JAVA_21
[11:29:22] [main/WARN] (FabricLoader/Mixin) Error loading class: xyz/nucleoid/server/translations/impl/language/SystemDelegatedLanguage (java.lang.ClassNotFoundException: xyz/nucleoid/server/translations/impl/language/SystemDelegatedLanguage)
[11:29:23] [main/WARN] (FabricLoader/Mixin) Error loading class: org/jetbrains/annotations/ApiStatus$Internal (java.lang.ClassNotFoundException: org/jetbrains/annotations/ApiStatus$Internal)
[11:29:23] [main/INFO] (FabricLoader/MixinExtras|Service) Initializing MixinExtras via com.llamalad7.mixinextras.service.MixinExtrasServiceImpl(version=0.4.1).
[11:29:26] [Datafixer Bootstrap/INFO] (Minecraft) 226 Datafixer optimizations took 287 milliseconds
[11:29:33] [Render thread/WARN] (FabricLoader/Mixin) Error loading class: org/quiltmc/loader/impl/game/minecraft/Hooks (java.lang.ClassNotFoundException: org/quiltmc/loader/impl/game/minecraft/Hooks)
[11:29:33] [Render thread/INFO] (Minecraft) Environment: Environment[sessionHost=https://sessionserver.mojang.com, servicesHost=https://api.minecraftservices.com, name=PROD]
[11:29:33] [Render thread/INFO] (Minecraft) Setting user: Player319
[11:29:33] [Render thread/INFO] (b1ndc0mmandz) Hello Fabric world!
[11:29:33] [Render thread/INFO] (owo) yes this is a tip
[11:29:34] [Render thread/INFO] (Mod Menu/Update Checker) Checking mod updates...
[11:29:34] [Render thread/INFO] (Indigo) [Indigo] Registering Indigo renderer!
[11:29:34] [Render thread/WARN] (FabricLoader) getRootPath access for fabric-registry-sync-v0 5.1.3+60c3209b19 with multiple paths, returning only one which may incur unexpected behavior!
[11:29:34] [Render thread/WARN] (FabricLoader) getRootPath access for fabric-data-generation-api-v1 20.2.21+16c4ae2519 with multiple paths, returning only one which may incur unexpected behavior!
[11:29:34] [Render thread/WARN] (FabricLoader) getRootPath access for fabric-resource-loader-v0 1.3.0+5659912919 with multiple paths, returning only one which may incur unexpected behavior!
[11:29:34] [Render thread/WARN] (FabricLoader) getRootPath access for fabric-lifecycle-events-v1 2.3.12+6c1df36019 with multiple paths, returning only one which may incur unexpected behavior!
[11:29:34] [Render thread/WARN] (FabricLoader) getRootPath access for fabric-item-group-api-v1 4.1.5+3fc0e55219 with multiple paths, returning only one which may incur unexpected behavior!
[11:29:34] [Render thread/WARN] (FabricLoader) getRootPath access for fabric-rendering-data-attachment-v1 0.3.48+73761d2e19 with multiple paths, returning only one which may incur unexpected behavior!
[11:29:34] [Render thread/WARN] (FabricLoader) getRootPath access for fabric-particles-v1 4.0.2+6573ed8c19 with multiple paths, returning only one which may incur unexpected behavior!
[11:29:34] [Render thread/WARN] (FabricLoader) getRootPath access for fabric-message-api-v1 6.0.13+6573ed8c19 with multiple paths, returning only one which may incur unexpected behavior!
[11:29:34] [Render thread/WARN] (FabricLoader) getRootPath access for fabric-item-api-v1 11.1.0+d5debaed19 with multiple paths, returning only one which may incur unexpected behavior!
[11:29:34] [Render thread/WARN] (FabricLoader) getRootPath access for b1ndc0mmandz 1.0.0 with multiple paths, returning only one which may incur unexpected behavior!
[11:29:34] [Render thread/WARN] (FabricLoader) getRootPath access for fabric-recipe-api-v1 5.0.13+6508971219 with multiple paths, returning only one which may incur unexpected behavior!
[11:29:34] [Render thread/WARN] (FabricLoader) getRootPath access for minecraft 1.21.1 with multiple paths, returning only one which may incur unexpected behavior!
[11:29:34] [Render thread/WARN] (FabricLoader) getRootPath access for fabric-game-rule-api-v1 1.0.53+6ced4dd919 with multiple paths, returning only one which may incur unexpected behavior!
[11:29:34] [Render thread/WARN] (FabricLoader) getRootPath access for fabric-rendering-fluids-v1 3.1.6+1daea21519 with multiple paths, returning only one which may incur unexpected behavior!
[11:29:34] [Render thread/WARN] (FabricLoader) getRootPath access for fabric-command-api-v2 2.2.28+6ced4dd919 with multiple paths, returning only one which may incur unexpected behavior!
[11:29:34] [Render thread/WARN] (FabricLoader) getRootPath access for fabric-screen-handler-api-v1 1.3.87+b559734419 with multiple paths, returning only one which may incur unexpected behavior!
[11:29:34] [Render thread/WARN] (FabricLoader) getRootPath access for fabric-events-interaction-v0 0.7.13+ba9dae0619 with multiple paths, returning only one which may incur unexpected behavior!
[11:29:34] [Render thread/WARN] (FabricLoader) getRootPath access for fabric-transfer-api-v1 5.4.0+95bead5f19 with multiple paths, returning only one which may incur unexpected behavior!
[11:29:34] [Render thread/WARN] (FabricLoader) getRootPath access for fabric-object-builder-api-v1 15.2.0+40875a9319 with multiple paths, returning only one which may incur unexpected behavior!
[11:29:34] [Render thread/WARN] (FabricLoader) getRootPath access for fabric-entity-events-v1 1.7.0+2122d82819 with multiple paths, returning only one which may incur unexpected behavior!
[11:29:34] [Render thread/WARN] (FabricLoader) getRootPath access for fabric-data-attachment-api-v1 1.1.28+1daea21519 with multiple paths, returning only one which may incur unexpected behavior!
[11:29:34] [Render thread/WARN] (FabricLoader) getRootPath access for fabric-block-view-api-v2 1.0.10+6573ed8c19 with multiple paths, returning only one which may incur unexpected behavior!
[11:29:34] [Render thread/WARN] (FabricLoader) getRootPath access for fabric-networking-api-v1 4.3.0+c7469b2119 with multiple paths, returning only one which may incur unexpected behavior!
[11:29:34] [Render thread/INFO] (owo) Services frozen by 'net.minecraft.client.MinecraftClient'
[11:29:34] [Render thread/INFO] (Minecraft) Backend library: LWJGL version 3.3.3-snapshot
[11:29:35] [ModMenu/Update Checker/Fabric Loader/INFO] (Mod Menu/Update Checker) Update available for 'fabricloader@0.16.7'
[11:29:36] [Render thread/INFO] (Minecraft) Reloading ResourceManager: vanilla, fabric, b1ndc0mmandz, fabric-api, fabric-api-base, fabric-api-lookup-api-v1, fabric-biome-api-v1, fabric-block-api-v1, fabric-block-view-api-v2, fabric-blockrenderlayer-v1, fabric-client-tags-api-v1, fabric-command-api-v1, fabric-command-api-v2, fabric-commands-v0, fabric-content-registries-v0, fabric-convention-tags-v1, fabric-convention-tags-v2, fabric-crash-report-info-v1, fabric-data-attachment-api-v1, fabric-data-generation-api-v1, fabric-dimensions-v1, fabric-entity-events-v1, fabric-events-interaction-v0, fabric-game-rule-api-v1, fabric-gametest-api-v1, fabric-item-api-v1, fabric-item-group-api-v1, fabric-key-binding-api-v1, fabric-keybindings-v0, fabric-lifecycle-events-v1, fabric-loot-api-v2, fabric-loot-api-v3, fabric-message-api-v1, fabric-model-loading-api-v1, fabric-networking-api-v1, fabric-object-builder-api-v1, fabric-particles-v1, fabric-recipe-api-v1, fabric-registry-sync-v0, fabric-renderer-api-v1, fabric-renderer-indigo, fabric-renderer-registries-v1, fabric-rendering-data-attachment-v1, fabric-rendering-fluids-v1, fabric-rendering-v0, fabric-rendering-v1, fabric-resource-conditions-api-v1, fabric-resource-loader-v0, fabric-screen-api-v1, fabric-screen-handler-api-v1, fabric-sound-api-v1, fabric-transfer-api-v1, fabric-transitive-access-wideners-v1, fabricloader, malilib, modmenu, owo, placeholder-api
[11:29:36] [Worker-Main-28/INFO] (Minecraft) Found unifont_jp_patch-15.1.05.hex, loading
[11:29:36] [Worker-Main-13/INFO] (Minecraft) Found unifont_all_no_pua-15.1.05.hex, loading
[11:29:36] [Render thread/INFO] (Minecraft) [STDOUT]: addHotkeys: hotkey count: 0
[11:29:36] [Render thread/INFO] (Minecraft) [STDOUT]:     MaLiLib
[11:29:36] [Render thread/INFO] (Minecraft) [STDOUT]:         openGuiConfigs: A,C
[11:29:36] [Render thread/INFO] (Minecraft) [STDOUT]:     B1nd C0mmandz
[11:29:36] [Render thread/INFO] (Minecraft) [STDOUT]:         Open config gui: B,C
[11:29:36] [Render thread/INFO] (Minecraft) [STDOUT]:         Open test gui: G,T
[11:29:36] [Render thread/INFO] (Minecraft) [STDOUT]: addKeysToMap: adding Example Command Keybind with keybind: C,E
[11:29:36] [Render thread/INFO] (Minecraft) [STDOUT]: addKeysToMap: adding WorldEdit Copy with keybind: LEFT_CONTROL,C
[11:29:36] [Render thread/INFO] (Minecraft) [STDOUT]: addKeysToMap: adding WorldEdit Paste with keybind: LEFT_CONTROL,V
[11:29:36] [Render thread/INFO] (Minecraft) [STDOUT]: addKeysToMap: adding TestModify with keybind: LEFT_CONTROL,P
[11:29:38] [Render thread/WARN] (Minecraft) Missing sound for event: minecraft:item.goat_horn.play
[11:29:38] [Render thread/WARN] (Minecraft) Missing sound for event: minecraft:entity.goat.screaming.horn_break
[11:29:39] [Render thread/INFO] (Minecraft) OpenAL initialized on device OpenAL Soft on 耳机 (Realtek(R) Audio)
[11:29:39] [Render thread/INFO] (Minecraft) Sound engine started
[11:29:39] [Render thread/INFO] (Minecraft) Created: 1024x512x4 minecraft:textures/atlas/blocks.png-atlas
[11:29:39] [Render thread/INFO] (Minecraft) Created: 256x256x4 minecraft:textures/atlas/signs.png-atlas
[11:29:39] [Render thread/INFO] (Minecraft) Created: 512x512x4 minecraft:textures/atlas/banner_patterns.png-atlas
[11:29:39] [Render thread/INFO] (Minecraft) Created: 512x512x4 minecraft:textures/atlas/shield_patterns.png-atlas
[11:29:39] [Render thread/INFO] (Minecraft) Created: 1024x1024x4 minecraft:textures/atlas/armor_trims.png-atlas
[11:29:39] [Render thread/INFO] (Minecraft) Created: 256x256x4 minecraft:textures/atlas/chest.png-atlas
[11:29:39] [Render thread/INFO] (Minecraft) Created: 128x64x4 minecraft:textures/atlas/decorated_pot.png-atlas
[11:29:39] [Render thread/INFO] (Minecraft) Created: 512x256x4 minecraft:textures/atlas/shulker_boxes.png-atlas
[11:29:39] [Render thread/INFO] (Minecraft) Created: 512x256x4 minecraft:textures/atlas/beds.png-atlas
[11:29:39] [Render thread/INFO] (Minecraft) Created: 512x256x0 minecraft:textures/atlas/particles.png-atlas
[11:29:39] [Render thread/INFO] (Minecraft) Created: 512x256x0 minecraft:textures/atlas/paintings.png-atlas
[11:29:39] [Render thread/INFO] (Minecraft) Created: 256x128x0 minecraft:textures/atlas/mob_effects.png-atlas
[11:29:39] [Render thread/INFO] (Minecraft) Created: 64x64x0 minecraft:textures/atlas/map_decorations.png-atlas
[11:29:39] [Render thread/INFO] (Minecraft) Created: 1024x512x0 minecraft:textures/atlas/gui.png-atlas
[11:29:39] [Render thread/WARN] (Minecraft) Shader rendertype_entity_translucent_emissive could not find sampler named Sampler2 in the specified shader program.
[11:29:56] [Render thread/INFO] (Minecraft) Loaded 1290 recipes
[11:29:56] [Render thread/INFO] (Minecraft) Loaded 1399 advancements
[11:29:57] [Render thread/INFO] (BiomeModificationImpl) Applied 0 biome modifications to 0 of 64 new biomes in 1.709 ms
[11:29:57] [Server thread/INFO] (Minecraft) Starting integrated minecraft server version 1.21.1
[11:29:57] [Server thread/INFO] (Minecraft) Generating keypair
[11:29:58] [Server thread/INFO] (Minecraft) Preparing start region for dimension minecraft:overworld
[11:29:59] [Render thread/INFO] (Minecraft) 准备生成区域中：0%
[11:29:59] [Render thread/INFO] (Minecraft) 准备生成区域中：0%
[11:29:59] [Render thread/INFO] (Minecraft) Time elapsed: 826 ms
[11:29:59] [Server thread/INFO] (Minecraft) Changing view distance to 12, from 10
[11:29:59] [Server thread/INFO] (Minecraft) Changing simulation distance to 12, from 0
[11:30:00] [Server thread/INFO] (Minecraft) Player319[local:E:46a0a60b] logged in with entity id 8 at (-331.7364414420079, 64.0, 536.6602920754727)
[11:30:00] [Server thread/INFO] (Minecraft) Player319加入了游戏
[11:30:00] [Render thread/INFO] (Minecraft) [STDOUT]: addKeysToMap: adding Example Command Keybind with keybind: C,E
[11:30:00] [Render thread/INFO] (Minecraft) [STDOUT]: addKeysToMap: adding WorldEdit Copy with keybind: LEFT_CONTROL,C
[11:30:00] [Render thread/INFO] (Minecraft) [STDOUT]: addKeysToMap: adding WorldEdit Paste with keybind: LEFT_CONTROL,V
[11:30:00] [Render thread/INFO] (Minecraft) [STDOUT]: addKeysToMap: adding TestModify with keybind: LEFT_CONTROL,P
[11:30:01] [Render thread/INFO] (Minecraft) Loaded 2 advancements
[11:30:06] [Render thread/INFO] (Minecraft) [STDOUT]: B,C
[11:30:06] [Render thread/INFO] (Minecraft) [STDOUT]:     -> Example Command Keybind with C,E
[11:30:06] [Render thread/INFO] (Minecraft) [STDOUT]:     -> WorldEdit Copy with LEFT_CONTROL,C
[11:30:06] [Render thread/INFO] (Minecraft) [STDOUT]:     -> WorldEdit Paste with LEFT_CONTROL,V
[11:30:06] [Render thread/INFO] (Minecraft) [STDOUT]:     -> TestModify with LEFT_CONTROL,P
[11:30:09] [Server thread/INFO] (Minecraft) Saving and pausing game...
[11:30:09] [Server thread/INFO] (Minecraft) Saving chunks for level 'ServerLevel[New World]'/minecraft:overworld
[11:30:09] [Server thread/INFO] (Minecraft) Saving chunks for level 'ServerLevel[New World]'/minecraft:the_end
[11:30:09] [Server thread/INFO] (Minecraft) Saving chunks for level 'ServerLevel[New World]'/minecraft:the_nether
[11:30:25] [Render thread/INFO] (Minecraft) [STDOUT]: Set Node Example Command Keybind with Key C,E
[11:30:25] [Render thread/INFO] (Minecraft) [STDOUT]: Set Node WorldEdit Copy with Key LEFT_CONTROL,C
[11:30:25] [Render thread/INFO] (Minecraft) [STDOUT]: Set Node WorldEdit Paste with Key LEFT_CONTROL,V
[11:30:25] [Render thread/INFO] (Minecraft) [STDOUT]: Set Node TestModify111 with Key LEFT_CONTROL,P
[11:30:25] [Render thread/INFO] (Minecraft) [STDOUT]: ERROR: VARIABLE MAP SIZE NOT EQUALS WITH BINDING NODE LIST SIZE!!!!!
[11:30:25] [Render thread/INFO] (Minecraft) [STDOUT]: CONFIG SAVED!
[11:30:29] [Render thread/INFO] (Minecraft) [STDOUT]: Set Node Example Command Keybind with Key C,E
[11:30:29] [Render thread/INFO] (Minecraft) [STDOUT]: Set Node WorldEdit Copy with Key LEFT_CONTROL,C
[11:30:29] [Render thread/INFO] (Minecraft) [STDOUT]: Set Node WorldEdit Paste with Key LEFT_CONTROL,V
[11:30:29] [Render thread/INFO] (Minecraft) [STDOUT]: Set Node TestModify111 with Key LEFT_CONTROL,P
[11:30:29] [Render thread/INFO] (Minecraft) [STDOUT]: ERROR: VARIABLE MAP SIZE NOT EQUALS WITH BINDING NODE LIST SIZE!!!!!
[11:30:29] [Render thread/INFO] (Minecraft) [STDOUT]: CONFIG SAVED!
[11:30:37] [Render thread/INFO] (Minecraft) [STDOUT]: Set Node Example Command Keybind with Key C,E
[11:30:37] [Render thread/INFO] (Minecraft) [STDOUT]: Set Node WorldEdit Copy with Key LEFT_CONTROL,C
[11:30:37] [Render thread/INFO] (Minecraft) [STDOUT]: Set Node WorldEdit Paste with Key LEFT_CONTROL,V
[11:30:37] [Render thread/INFO] (Minecraft) [STDOUT]: Set Node TestModify111 with Key LEFT_CONTROL,P
[11:30:37] [Render thread/INFO] (Minecraft) [STDOUT]: ERROR: VARIABLE MAP SIZE NOT EQUALS WITH BINDING NODE LIST SIZE!!!!!
[11:30:37] [Render thread/INFO] (Minecraft) [STDOUT]: CONFIG SAVED!
[11:30:49] [Server thread/INFO] (Minecraft) Saving and pausing game...
[11:30:49] [Server thread/INFO] (Minecraft) Saving chunks for level 'ServerLevel[New World]'/minecraft:overworld
[11:30:49] [Server thread/INFO] (Minecraft) Saving chunks for level 'ServerLevel[New World]'/minecraft:the_end
[11:30:49] [Server thread/INFO] (Minecraft) Saving chunks for level 'ServerLevel[New World]'/minecraft:the_nether
[11:31:06] [Render thread/INFO] (Minecraft) [STDOUT]: B,C
[11:31:06] [Render thread/INFO] (Minecraft) [STDOUT]:     -> Example Command Keybind with C,E
[11:31:06] [Render thread/INFO] (Minecraft) [STDOUT]:     -> WorldEdit Copy with LEFT_CONTROL,C
[11:31:06] [Render thread/INFO] (Minecraft) [STDOUT]:     -> WorldEdit Paste with LEFT_CONTROL,V
[11:31:06] [Render thread/INFO] (Minecraft) [STDOUT]:     -> TestModify111 with LEFT_CONTROL,P
[11:31:09] [Render thread/INFO] (Minecraft) [STDOUT]: addKeysToMap: adding Example Command Keybind with keybind: C,E
[11:31:09] [Render thread/INFO] (Minecraft) [STDOUT]: addKeysToMap: adding WorldEdit Copy with keybind: LEFT_CONTROL,C
[11:31:09] [Render thread/INFO] (Minecraft) [STDOUT]: addKeysToMap: adding WorldEdit Paste with keybind: LEFT_CONTROL,V
[11:31:09] [Render thread/INFO] (Minecraft) [STDOUT]: addKeysToMap: adding TestModify111 with keybind: LEFT_CONTROL,P
[11:31:16] [Server thread/INFO] (Minecraft) Saving and pausing game...
[11:31:16] [Server thread/INFO] (Minecraft) Saving chunks for level 'ServerLevel[New World]'/minecraft:overworld
[11:31:16] [Server thread/INFO] (Minecraft) Saving chunks for level 'ServerLevel[New World]'/minecraft:the_end
[11:31:16] [Server thread/INFO] (Minecraft) Saving chunks for level 'ServerLevel[New World]'/minecraft:the_nether
[11:31:20] [Render thread/INFO] (Minecraft) [STDOUT]: Set Node Example Command Keybind with Key C,E
[11:31:20] [Render thread/INFO] (Minecraft) [STDOUT]: Set Node WorldEdit Copy with Key LEFT_CONTROL,C
[11:31:20] [Render thread/INFO] (Minecraft) [STDOUT]: Set Node WorldEdit Paste with Key LEFT_CONTROL,V
[11:31:20] [Render thread/INFO] (Minecraft) [STDOUT]: Set Node TestModify111 with Key LEFT_CONTROL,P
[11:31:20] [Render thread/INFO] (Minecraft) [STDOUT]: Set Node 新按键绑定 with Key 
[11:31:20] [Render thread/INFO] (Minecraft) [STDOUT]: ERROR: VARIABLE MAP SIZE NOT EQUALS WITH BINDING NODE LIST SIZE!!!!!
[11:31:20] [Render thread/INFO] (Minecraft) [STDOUT]: CONFIG SAVED!
[11:31:47] [Render thread/INFO] (Minecraft) [STDOUT]: Set Node Example Command Keybind with Key C,E
[11:31:47] [Render thread/INFO] (Minecraft) [STDOUT]: Set Node WorldEdit Copy with Key LEFT_CONTROL,C
[11:31:47] [Render thread/INFO] (Minecraft) [STDOUT]: Set Node WorldEdit Paste with Key LEFT_CONTROL,V
[11:31:47] [Render thread/INFO] (Minecraft) [STDOUT]: Set Node TestModify111 with Key LEFT_CONTROL,P
[11:31:47] [Render thread/INFO] (Minecraft) [STDOUT]: Set Node 粘贴 with Key 
[11:31:47] [Render thread/INFO] (Minecraft) [STDOUT]: ERROR: VARIABLE MAP SIZE NOT EQUALS WITH BINDING NODE LIST SIZE!!!!!
[11:31:47] [Render thread/INFO] (Minecraft) [STDOUT]: CONFIG SAVED!
[11:32:11] [Render thread/INFO] (Minecraft) [STDOUT]: Set Node Example Command Keybind with Key C,E
[11:32:11] [Render thread/INFO] (Minecraft) [STDOUT]: Set Node WorldEdit Copy with Key LEFT_CONTROL,C
[11:32:11] [Render thread/INFO] (Minecraft) [STDOUT]: Set Node WorldEdit Paste with Key LEFT_CONTROL,V
[11:32:11] [Render thread/INFO] (Minecraft) [STDOUT]: Set Node TestModify111 with Key LEFT_CONTROL,P
[11:32:11] [Render thread/INFO] (Minecraft) [STDOUT]: Set Node WE粘贴 with Key 
[11:32:11] [Render thread/INFO] (Minecraft) [STDOUT]: ERROR: VARIABLE MAP SIZE NOT EQUALS WITH BINDING NODE LIST SIZE!!!!!
[11:32:11] [Render thread/INFO] (Minecraft) [STDOUT]: CONFIG SAVED!
[11:32:13] [Render thread/INFO] (Minecraft) [STDOUT]: Set Node Example Command Keybind with Key C,E
[11:32:13] [Render thread/INFO] (Minecraft) [STDOUT]: Set Node WorldEdit Copy with Key LEFT_CONTROL,C
[11:32:13] [Render thread/INFO] (Minecraft) [STDOUT]: Set Node WorldEdit Paste with Key LEFT_CONTROL,V
[11:32:13] [Render thread/INFO] (Minecraft) [STDOUT]: Set Node TestModify111 with Key LEFT_CONTROL,P
[11:32:13] [Render thread/INFO] (Minecraft) [STDOUT]: Set Node WE粘贴 with Key 
[11:32:13] [Render thread/INFO] (Minecraft) [STDOUT]: ERROR: VARIABLE MAP SIZE NOT EQUALS WITH BINDING NODE LIST SIZE!!!!!
[11:32:13] [Render thread/INFO] (Minecraft) [STDOUT]: CONFIG SAVED!
[11:32:17] [Render thread/INFO] (Minecraft) [STDOUT]: Set Node Example Command Keybind with Key C,E
[11:32:17] [Render thread/INFO] (Minecraft) [STDOUT]: Set Node WorldEdit Copy with Key LEFT_CONTROL,C
[11:32:17] [Render thread/INFO] (Minecraft) [STDOUT]: Set Node WorldEdit Paste with Key LEFT_CONTROL,V
[11:32:17] [Render thread/INFO] (Minecraft) [STDOUT]: Set Node TestModify111 with Key LEFT_CONTROL,P
[11:32:17] [Render thread/INFO] (Minecraft) [STDOUT]: Set Node WE粘贴 with Key 
[11:32:17] [Render thread/INFO] (Minecraft) [STDOUT]: ERROR: VARIABLE MAP SIZE NOT EQUALS WITH BINDING NODE LIST SIZE!!!!!
[11:32:17] [Render thread/INFO] (Minecraft) [STDOUT]: CONFIG SAVED!
[11:32:18] [Render thread/INFO] (Minecraft) [STDOUT]: Set Node Example Command Keybind with Key C,E
[11:32:18] [Render thread/INFO] (Minecraft) [STDOUT]: Set Node WorldEdit Copy with Key LEFT_CONTROL,C
[11:32:18] [Render thread/INFO] (Minecraft) [STDOUT]: Set Node WorldEdit Paste with Key LEFT_CONTROL,V
[11:32:18] [Render thread/INFO] (Minecraft) [STDOUT]: Set Node TestModify111 with Key LEFT_CONTROL,P
[11:32:18] [Render thread/INFO] (Minecraft) [STDOUT]: Set Node WE粘贴 with Key 
[11:32:18] [Render thread/INFO] (Minecraft) [STDOUT]: ERROR: VARIABLE MAP SIZE NOT EQUALS WITH BINDING NODE LIST SIZE!!!!!
[11:32:18] [Render thread/INFO] (Minecraft) [STDOUT]: CONFIG SAVED!
[11:32:22] [Render thread/INFO] (Minecraft) [STDOUT]: B,C
[11:32:22] [Render thread/INFO] (Minecraft) [STDOUT]:     -> Example Command Keybind with C,E
[11:32:22] [Render thread/INFO] (Minecraft) [STDOUT]:     -> WorldEdit Copy with LEFT_CONTROL,C
[11:32:22] [Render thread/INFO] (Minecraft) [STDOUT]:     -> WorldEdit Paste with LEFT_CONTROL,V
[11:32:22] [Render thread/INFO] (Minecraft) [STDOUT]:     -> TestModify111 with LEFT_CONTROL,P
[11:32:22] [Render thread/INFO] (Minecraft) [STDOUT]:     -> WE粘贴 with 
[11:32:36] [Render thread/INFO] (Minecraft) [STDOUT]: Set Node Example Command Keybind with Key C,E
[11:32:36] [Render thread/INFO] (Minecraft) [STDOUT]: Set Node WorldEdit Copy with Key LEFT_CONTROL,C
[11:32:36] [Render thread/INFO] (Minecraft) [STDOUT]: Set Node WorldEdit Paste with Key LEFT_CONTROL,V
[11:32:36] [Render thread/INFO] (Minecraft) [STDOUT]: Set Node TestModify111 with Key LEFT_CONTROL,P
[11:32:36] [Render thread/INFO] (Minecraft) [STDOUT]: Set Node WE粘贴 with Key Q,V
[11:32:36] [Render thread/INFO] (Minecraft) [STDOUT]: ERROR: VARIABLE MAP SIZE NOT EQUALS WITH BINDING NODE LIST SIZE!!!!!
[11:32:36] [Render thread/INFO] (Minecraft) [STDOUT]: CONFIG SAVED!
[11:32:36] [Render thread/INFO] (Minecraft) [STDOUT]: addKeysToMap: adding Example Command Keybind with keybind: C,E
[11:32:36] [Render thread/INFO] (Minecraft) [STDOUT]: addKeysToMap: adding WorldEdit Copy with keybind: LEFT_CONTROL,C
[11:32:36] [Render thread/INFO] (Minecraft) [STDOUT]: addKeysToMap: adding WorldEdit Paste with keybind: LEFT_CONTROL,V
[11:32:36] [Render thread/INFO] (Minecraft) [STDOUT]: addKeysToMap: adding TestModify111 with keybind: LEFT_CONTROL,P
[11:32:36] [Render thread/INFO] (Minecraft) [STDOUT]: addKeysToMap: adding WE粘贴 with keybind: Q,V
[11:32:38] [Render thread/INFO] (Minecraft) [STDOUT]: Q,V
[11:32:38] [Render thread/INFO] (Minecraft) [STDOUT]:     -> Example Command Keybind with C,E
[11:32:38] [Render thread/INFO] (Minecraft) [STDOUT]:     -> WorldEdit Copy with LEFT_CONTROL,C
[11:32:38] [Render thread/INFO] (Minecraft) [STDOUT]:     -> WorldEdit Paste with LEFT_CONTROL,V
[11:32:38] [Render thread/INFO] (Minecraft) [STDOUT]:     -> TestModify111 with LEFT_CONTROL,P
[11:32:38] [Render thread/INFO] (Minecraft) [STDOUT]:     -> WE粘贴 with Q,V
[11:32:38] [Render thread/INFO] (Minecraft) [STDOUT]:     Prepared WE粘贴 to execute!
[11:32:38] [Render thread/INFO] (Minecraft) [STDOUT]: WE粘贴 Executes!
[11:32:38] [Render thread/INFO] (Minecraft) [System] [CHAT] 未知或不完整的命令。错误见下
[11:32:38] [Render thread/INFO] (Minecraft) [System] [CHAT] /paste<--[此处]
[11:32:47] [Server thread/INFO] (Minecraft) Saving and pausing game...
[11:32:47] [Server thread/INFO] (Minecraft) Saving chunks for level 'ServerLevel[New World]'/minecraft:overworld
[11:32:47] [Server thread/INFO] (Minecraft) Saving chunks for level 'ServerLevel[New World]'/minecraft:the_end
[11:32:47] [Server thread/INFO] (Minecraft) Saving chunks for level 'ServerLevel[New World]'/minecraft:the_nether
